#
# There is insufficient memory for the Java Runtime Environment to continue.
# Native memory allocation (malloc) failed to allocate 1382096 bytes for Chunk::new
# Possible reasons:
#   The system is out of physical RAM or swap space
#   The process is running with CompressedOops enabled, and the Java Heap may be blocking the growth of the native heap
# Possible solutions:
#   Reduce memory load on the system
#   Increase physical memory or swap space
#   Check if swap backing store is full
#   Decrease Java heap size (-Xmx/-Xms)
#   Decrease number of Java threads
#   Decrease Java thread stack sizes (-Xss)
#   Set larger code cache with -XX:ReservedCodeCacheSize=
#   JVM is running with Unscaled Compressed Oops mode in which the Java heap is
#     placed in the first 4GB address space. The Java Heap base address is the
#     maximum limit for the native heap growth. Please use -XX:HeapBaseMinAddress
#     to set the Java Heap base and to place the Java Heap above 4GB virtual address.
# This output file may be truncated or incomplete.
#
#  Out of Memory Error (t:/workspace/open/src/hotspot/share/memory/arena.cpp:197), pid=2104, tid=2352
#
# JRE version: Java(TM) SE Runtime Environment (11.0.4+10) (build 11.0.4+10-LTS)
# Java VM: Java HotSpot(TM) 64-Bit Server VM (11.0.4+10-LTS, mixed mode, tiered, compressed oops, g1 gc, windows-amd64)
# No core dump will be written. Minidumps are not enabled by default on client versions of Windows
#

---------------  S U M M A R Y ------------

Command Line: -agentlib:jdwp=transport=dt_socket,suspend=y,address=localhost:57031 -javaagent:D:\Eclipse\Eclipse\eclipse\configuration\org.eclipse.osgi\616\0\.cp\lib\javaagent-shaded.jar -Dfile.encoding=UTF-8 kitty.research.maxlifetime.Test

Host: Intel(R) Core(TM) i7-7700HQ CPU @ 2.80GHz, 8 cores, 7G,  Windows 10 , 64 bit Build 18362 (10.0.18362.329)
Time: Sat Nov 16 13:59:27 2019 SE Asia Standard Time elapsed time: 19 seconds (0d 0h 0m 19s)

---------------  T H R E A D  ---------------

Current thread (0x0000022554556000):  JavaThread "C2 CompilerThread0" daemon [_thread_in_native, id=2352, stack(0x000000a13b300000,0x000000a13b400000)]


Current CompileTask:
C2:  19965 1413 %     4       org.eclipse.jdt.launching.internal.org.objectweb.asm.ClassReader::readCode @ 2165 (5089 bytes)

Stack: [0x000000a13b300000,0x000000a13b400000]
Native frames: (J=compiled Java code, j=interpreted, Vv=VM code, C=native code)
V  [jvm.dll+0x635bda]
V  [jvm.dll+0x77360f]
V  [jvm.dll+0x774cba]
V  [jvm.dll+0x775373]
V  [jvm.dll+0x25e668]
V  [jvm.dll+0xc2391]
V  [jvm.dll+0xc291c]
V  [jvm.dll+0x36db92]
V  [jvm.dll+0x33a9c3]
V  [jvm.dll+0x339d9a]
V  [jvm.dll+0x218455]
V  [jvm.dll+0x2175fa]
V  [jvm.dll+0x194230]
V  [jvm.dll+0x2265bf]
V  [jvm.dll+0x224bc8]
V  [jvm.dll+0x7389ed]
V  [jvm.dll+0x634c82]
C  [ucrtbase.dll+0x20e72]
C  [KERNEL32.DLL+0x17bd4]
C  [ntdll.dll+0x6ced1]


---------------  P R O C E S S  ---------------

Threads class SMR info:
_java_thread_list=0x000002256111ce40, length=14, elements={
0x000002253599c000, 0x0000022554517800, 0x0000022554519000, 0x0000022554552800,
0x0000022554553800, 0x0000022554556000, 0x0000022554ec0800, 0x0000022554ed5000,
0x0000022555039000, 0x0000022555314000, 0x0000022555121800, 0x0000022555122800,
0x000002255546b000, 0x0000022556858800
}

Java Threads: ( => current thread )
  0x000002253599c000 JavaThread "main" [_thread_in_native, id=11352, stack(0x000000a13a800000,0x000000a13a900000)]
  0x0000022554517800 JavaThread "Reference Handler" daemon [_thread_blocked, id=19240, stack(0x000000a13af00000,0x000000a13b000000)]
  0x0000022554519000 JavaThread "Finalizer" daemon [_thread_blocked, id=8000, stack(0x000000a13b000000,0x000000a13b100000)]
  0x0000022554552800 JavaThread "Signal Dispatcher" daemon [_thread_blocked, id=18324, stack(0x000000a13b100000,0x000000a13b200000)]
  0x0000022554553800 JavaThread "Attach Listener" daemon [_thread_blocked, id=9752, stack(0x000000a13b200000,0x000000a13b300000)]
=>0x0000022554556000 JavaThread "C2 CompilerThread0" daemon [_thread_in_native, id=2352, stack(0x000000a13b300000,0x000000a13b400000)]
  0x0000022554ec0800 JavaThread "C1 CompilerThread0" daemon [_thread_blocked, id=20088, stack(0x000000a13b400000,0x000000a13b500000)]
  0x0000022554ed5000 JavaThread "Sweeper thread" daemon [_thread_blocked, id=10500, stack(0x000000a13b500000,0x000000a13b600000)]
  0x0000022555039000 JavaThread "Common-Cleaner" daemon [_thread_blocked, id=13400, stack(0x000000a13b600000,0x000000a13b700000)]
  0x0000022555314000 JavaThread "JDWP Transport Listener: dt_socket" daemon [_thread_blocked, id=12128, stack(0x000000a13b800000,0x000000a13b900000)]
  0x0000022555121800 JavaThread "JDWP Event Helper Thread" daemon [_thread_blocked, id=17572, stack(0x000000a13b900000,0x000000a13ba00000)]
  0x0000022555122800 JavaThread "JDWP Command Reader" daemon [_thread_in_native, id=15672, stack(0x000000a13ba00000,0x000000a13bb00000)]
  0x000002255546b000 JavaThread "Service Thread" daemon [_thread_blocked, id=9632, stack(0x000000a13bb00000,0x000000a13bc00000)]
  0x0000022556858800 JavaThread "JavaCPP Deallocator" daemon [_thread_blocked, id=12936, stack(0x000000a13bd00000,0x000000a13be00000)]

Other Threads:
  0x0000022554515000 VMThread "VM Thread" [stack: 0x000000a13ae00000,0x000000a13af00000] [id=14192]
  0x00000225554c0000 WatcherThread [stack: 0x000000a13bc00000,0x000000a13bd00000] [id=6424]
  0x00000225359b5800 GCTaskThread "GC Thread#0" [stack: 0x000000a13a900000,0x000000a13aa00000] [id=6124]
  0x0000022556803000 GCTaskThread "GC Thread#1" [stack: 0x000000a13be00000,0x000000a13bf00000] [id=900]
  0x00000225568cb000 GCTaskThread "GC Thread#2" [stack: 0x000000a13bf00000,0x000000a13c000000] [id=18528]
  0x00000225359e5800 ConcurrentGCThread "G1 Main Marker" [stack: 0x000000a13aa00000,0x000000a13ab00000] [id=8836]
  0x00000225359e7000 ConcurrentGCThread "G1 Conc#0" [stack: 0x000000a13ab00000,0x000000a13ac00000] [id=10264]
  0x0000022554380800 ConcurrentGCThread "G1 Refine#0" [stack: 0x000000a13ac00000,0x000000a13ad00000] [id=12616]
  0x0000022554381800 ConcurrentGCThread "G1 Young RemSet Sampling" [stack: 0x000000a13ad00000,0x000000a13ae00000] [id=2076]

Threads with active compile tasks:
C2 CompilerThread01413 %     4       org.eclipse.jdt.launching.internal.org.objectweb.asm.ClassReader::readCode @ 2165 (5089 bytes)

VM state:not at safepoint (normal execution)

VM Mutex/Monitor currently owned by a thread: None

Heap address: 0x0000000082200000, size: 2014 MB, Compressed Oops mode: 32-bit
Narrow klass base: 0x0000000000000000, Narrow klass shift: 3
Compressed class space size: 1073741824 Address: 0x0000000100000000

Heap:
 garbage-first heap   total 129024K, used 36340K [0x0000000082200000, 0x0000000100000000)
  region size 1024K, 37 young (37888K), 3 survivors (3072K)
 Metaspace       used 15703K, capacity 15868K, committed 16128K, reserved 1064960K
  class space    used 1405K, capacity 1474K, committed 1536K, reserved 1048576K
Heap Regions: E=young(eden), S=young(survivor), O=old, HS=humongous(starts), HC=humongous(continues), CS=collection set, F=free, A=archive, TAMS=top-at-mark-start (previous, next)
|   0|0x0000000082200000, 0x000000008227d200, 0x0000000082300000| 48%| O|  |TAMS 0x0000000082200000, 0x0000000082200000| Untracked 
|   1|0x0000000082300000, 0x0000000082300000, 0x0000000082400000|  0%| F|  |TAMS 0x0000000082300000, 0x0000000082300000| Untracked 
|   2|0x0000000082400000, 0x0000000082400000, 0x0000000082500000|  0%| F|  |TAMS 0x0000000082400000, 0x0000000082400000| Untracked 
|   3|0x0000000082500000, 0x0000000082500000, 0x0000000082600000|  0%| F|  |TAMS 0x0000000082500000, 0x0000000082500000| Untracked 
|   4|0x0000000082600000, 0x0000000082600000, 0x0000000082700000|  0%| F|  |TAMS 0x0000000082600000, 0x0000000082600000| Untracked 
|   5|0x0000000082700000, 0x0000000082700000, 0x0000000082800000|  0%| F|  |TAMS 0x0000000082700000, 0x0000000082700000| Untracked 
|   6|0x0000000082800000, 0x0000000082800000, 0x0000000082900000|  0%| F|  |TAMS 0x0000000082800000, 0x0000000082800000| Untracked 
|   7|0x0000000082900000, 0x0000000082900000, 0x0000000082a00000|  0%| F|  |TAMS 0x0000000082900000, 0x0000000082900000| Untracked 
|   8|0x0000000082a00000, 0x0000000082a00000, 0x0000000082b00000|  0%| F|  |TAMS 0x0000000082a00000, 0x0000000082a00000| Untracked 
|   9|0x0000000082b00000, 0x0000000082b00000, 0x0000000082c00000|  0%| F|  |TAMS 0x0000000082b00000, 0x0000000082b00000| Untracked 
|  10|0x0000000082c00000, 0x0000000082c00000, 0x0000000082d00000|  0%| F|  |TAMS 0x0000000082c00000, 0x0000000082c00000| Untracked 
|  11|0x0000000082d00000, 0x0000000082d00000, 0x0000000082e00000|  0%| F|  |TAMS 0x0000000082d00000, 0x0000000082d00000| Untracked 
|  12|0x0000000082e00000, 0x0000000082e00000, 0x0000000082f00000|  0%| F|  |TAMS 0x0000000082e00000, 0x0000000082e00000| Untracked 
|  13|0x0000000082f00000, 0x0000000082f00000, 0x0000000083000000|  0%| F|  |TAMS 0x0000000082f00000, 0x0000000082f00000| Untracked 
|  14|0x0000000083000000, 0x0000000083000000, 0x0000000083100000|  0%| F|  |TAMS 0x0000000083000000, 0x0000000083000000| Untracked 
|  15|0x0000000083100000, 0x0000000083100000, 0x0000000083200000|  0%| F|  |TAMS 0x0000000083100000, 0x0000000083100000| Untracked 
|  16|0x0000000083200000, 0x0000000083200000, 0x0000000083300000|  0%| F|  |TAMS 0x0000000083200000, 0x0000000083200000| Untracked 
|  17|0x0000000083300000, 0x0000000083300000, 0x0000000083400000|  0%| F|  |TAMS 0x0000000083300000, 0x0000000083300000| Untracked 
|  18|0x0000000083400000, 0x0000000083400000, 0x0000000083500000|  0%| F|  |TAMS 0x0000000083400000, 0x0000000083400000| Untracked 
|  19|0x0000000083500000, 0x0000000083500000, 0x0000000083600000|  0%| F|  |TAMS 0x0000000083500000, 0x0000000083500000| Untracked 
|  20|0x0000000083600000, 0x0000000083600000, 0x0000000083700000|  0%| F|  |TAMS 0x0000000083600000, 0x0000000083600000| Untracked 
|  21|0x0000000083700000, 0x0000000083700000, 0x0000000083800000|  0%| F|  |TAMS 0x0000000083700000, 0x0000000083700000| Untracked 
|  22|0x0000000083800000, 0x0000000083800000, 0x0000000083900000|  0%| F|  |TAMS 0x0000000083800000, 0x0000000083800000| Untracked 
|  23|0x0000000083900000, 0x0000000083900000, 0x0000000083a00000|  0%| F|  |TAMS 0x0000000083900000, 0x0000000083900000| Untracked 
|  24|0x0000000083a00000, 0x0000000083a00000, 0x0000000083b00000|  0%| F|  |TAMS 0x0000000083a00000, 0x0000000083a00000| Untracked 
|  25|0x0000000083b00000, 0x0000000083b00000, 0x0000000083c00000|  0%| F|  |TAMS 0x0000000083b00000, 0x0000000083b00000| Untracked 
|  26|0x0000000083c00000, 0x0000000083c00000, 0x0000000083d00000|  0%| F|  |TAMS 0x0000000083c00000, 0x0000000083c00000| Untracked 
|  27|0x0000000083d00000, 0x0000000083d00000, 0x0000000083e00000|  0%| F|  |TAMS 0x0000000083d00000, 0x0000000083d00000| Untracked 
|  28|0x0000000083e00000, 0x0000000083e00000, 0x0000000083f00000|  0%| F|  |TAMS 0x0000000083e00000, 0x0000000083e00000| Untracked 
|  29|0x0000000083f00000, 0x0000000083f00000, 0x0000000084000000|  0%| F|  |TAMS 0x0000000083f00000, 0x0000000083f00000| Untracked 
|  30|0x0000000084000000, 0x0000000084000000, 0x0000000084100000|  0%| F|  |TAMS 0x0000000084000000, 0x0000000084000000| Untracked 
|  31|0x0000000084100000, 0x0000000084100000, 0x0000000084200000|  0%| F|  |TAMS 0x0000000084100000, 0x0000000084100000| Untracked 
|  32|0x0000000084200000, 0x0000000084200000, 0x0000000084300000|  0%| F|  |TAMS 0x0000000084200000, 0x0000000084200000| Untracked 
|  33|0x0000000084300000, 0x0000000084300000, 0x0000000084400000|  0%| F|  |TAMS 0x0000000084300000, 0x0000000084300000| Untracked 
|  34|0x0000000084400000, 0x0000000084400000, 0x0000000084500000|  0%| F|  |TAMS 0x0000000084400000, 0x0000000084400000| Untracked 
|  35|0x0000000084500000, 0x0000000084500000, 0x0000000084600000|  0%| F|  |TAMS 0x0000000084500000, 0x0000000084500000| Untracked 
|  36|0x0000000084600000, 0x0000000084600000, 0x0000000084700000|  0%| F|  |TAMS 0x0000000084600000, 0x0000000084600000| Untracked 
|  37|0x0000000084700000, 0x0000000084700000, 0x0000000084800000|  0%| F|  |TAMS 0x0000000084700000, 0x0000000084700000| Untracked 
|  38|0x0000000084800000, 0x0000000084800000, 0x0000000084900000|  0%| F|  |TAMS 0x0000000084800000, 0x0000000084800000| Untracked 
|  39|0x0000000084900000, 0x0000000084900000, 0x0000000084a00000|  0%| F|  |TAMS 0x0000000084900000, 0x0000000084900000| Untracked 
|  40|0x0000000084a00000, 0x0000000084a00000, 0x0000000084b00000|  0%| F|  |TAMS 0x0000000084a00000, 0x0000000084a00000| Untracked 
|  41|0x0000000084b00000, 0x0000000084b00000, 0x0000000084c00000|  0%| F|  |TAMS 0x0000000084b00000, 0x0000000084b00000| Untracked 
|  42|0x0000000084c00000, 0x0000000084c00000, 0x0000000084d00000|  0%| F|  |TAMS 0x0000000084c00000, 0x0000000084c00000| Untracked 
|  43|0x0000000084d00000, 0x0000000084d00000, 0x0000000084e00000|  0%| F|  |TAMS 0x0000000084d00000, 0x0000000084d00000| Untracked 
|  44|0x0000000084e00000, 0x0000000084e00000, 0x0000000084f00000|  0%| F|  |TAMS 0x0000000084e00000, 0x0000000084e00000| Untracked 
|  45|0x0000000084f00000, 0x0000000084f00000, 0x0000000085000000|  0%| F|  |TAMS 0x0000000084f00000, 0x0000000084f00000| Untracked 
|  46|0x0000000085000000, 0x0000000085000000, 0x0000000085100000|  0%| F|  |TAMS 0x0000000085000000, 0x0000000085000000| Untracked 
|  47|0x0000000085100000, 0x0000000085100000, 0x0000000085200000|  0%| F|  |TAMS 0x0000000085100000, 0x0000000085100000| Untracked 
|  48|0x0000000085200000, 0x0000000085200000, 0x0000000085300000|  0%| F|  |TAMS 0x0000000085200000, 0x0000000085200000| Untracked 
|  49|0x0000000085300000, 0x0000000085300000, 0x0000000085400000|  0%| F|  |TAMS 0x0000000085300000, 0x0000000085300000| Untracked 
|  50|0x0000000085400000, 0x0000000085400000, 0x0000000085500000|  0%| F|  |TAMS 0x0000000085400000, 0x0000000085400000| Untracked 
|  51|0x0000000085500000, 0x0000000085500000, 0x0000000085600000|  0%| F|  |TAMS 0x0000000085500000, 0x0000000085500000| Untracked 
|  52|0x0000000085600000, 0x0000000085600000, 0x0000000085700000|  0%| F|  |TAMS 0x0000000085600000, 0x0000000085600000| Untracked 
|  53|0x0000000085700000, 0x0000000085700000, 0x0000000085800000|  0%| F|  |TAMS 0x0000000085700000, 0x0000000085700000| Untracked 
|  54|0x0000000085800000, 0x0000000085800000, 0x0000000085900000|  0%| F|  |TAMS 0x0000000085800000, 0x0000000085800000| Untracked 
|  55|0x0000000085900000, 0x0000000085900000, 0x0000000085a00000|  0%| F|  |TAMS 0x0000000085900000, 0x0000000085900000| Untracked 
|  56|0x0000000085a00000, 0x0000000085a00000, 0x0000000085b00000|  0%| F|  |TAMS 0x0000000085a00000, 0x0000000085a00000| Untracked 
|  57|0x0000000085b00000, 0x0000000085b00000, 0x0000000085c00000|  0%| F|  |TAMS 0x0000000085b00000, 0x0000000085b00000| Untracked 
|  58|0x0000000085c00000, 0x0000000085c00000, 0x0000000085d00000|  0%| F|  |TAMS 0x0000000085c00000, 0x0000000085c00000| Untracked 
|  59|0x0000000085d00000, 0x0000000085d00000, 0x0000000085e00000|  0%| F|  |TAMS 0x0000000085d00000, 0x0000000085d00000| Untracked 
|  60|0x0000000085e00000, 0x0000000085e00000, 0x0000000085f00000|  0%| F|  |TAMS 0x0000000085e00000, 0x0000000085e00000| Untracked 
|  61|0x0000000085f00000, 0x0000000085f00000, 0x0000000086000000|  0%| F|  |TAMS 0x0000000085f00000, 0x0000000085f00000| Untracked 
|  62|0x0000000086000000, 0x0000000086000000, 0x0000000086100000|  0%| F|  |TAMS 0x0000000086000000, 0x0000000086000000| Untracked 
|  63|0x0000000086100000, 0x0000000086100000, 0x0000000086200000|  0%| F|  |TAMS 0x0000000086100000, 0x0000000086100000| Untracked 
|  64|0x0000000086200000, 0x0000000086200000, 0x0000000086300000|  0%| F|  |TAMS 0x0000000086200000, 0x0000000086200000| Untracked 
|  65|0x0000000086300000, 0x0000000086300000, 0x0000000086400000|  0%| F|  |TAMS 0x0000000086300000, 0x0000000086300000| Untracked 
|  66|0x0000000086400000, 0x0000000086400000, 0x0000000086500000|  0%| F|  |TAMS 0x0000000086400000, 0x0000000086400000| Untracked 
|  67|0x0000000086500000, 0x0000000086500000, 0x0000000086600000|  0%| F|  |TAMS 0x0000000086500000, 0x0000000086500000| Untracked 
|  68|0x0000000086600000, 0x0000000086600000, 0x0000000086700000|  0%| F|  |TAMS 0x0000000086600000, 0x0000000086600000| Untracked 
|  69|0x0000000086700000, 0x0000000086700000, 0x0000000086800000|  0%| F|  |TAMS 0x0000000086700000, 0x0000000086700000| Untracked 
|  70|0x0000000086800000, 0x0000000086800000, 0x0000000086900000|  0%| F|  |TAMS 0x0000000086800000, 0x0000000086800000| Untracked 
|  71|0x0000000086900000, 0x0000000086900000, 0x0000000086a00000|  0%| F|  |TAMS 0x0000000086900000, 0x0000000086900000| Untracked 
|  72|0x0000000086a00000, 0x0000000086a00000, 0x0000000086b00000|  0%| F|  |TAMS 0x0000000086a00000, 0x0000000086a00000| Untracked 
|  73|0x0000000086b00000, 0x0000000086b00000, 0x0000000086c00000|  0%| F|  |TAMS 0x0000000086b00000, 0x0000000086b00000| Untracked 
|  74|0x0000000086c00000, 0x0000000086c00000, 0x0000000086d00000|  0%| F|  |TAMS 0x0000000086c00000, 0x0000000086c00000| Untracked 
|  75|0x0000000086d00000, 0x0000000086d00000, 0x0000000086e00000|  0%| F|  |TAMS 0x0000000086d00000, 0x0000000086d00000| Untracked 
|  76|0x0000000086e00000, 0x0000000086e00000, 0x0000000086f00000|  0%| F|  |TAMS 0x0000000086e00000, 0x0000000086e00000| Untracked 
|  77|0x0000000086f00000, 0x0000000086f00000, 0x0000000087000000|  0%| F|  |TAMS 0x0000000086f00000, 0x0000000086f00000| Untracked 
|  78|0x0000000087000000, 0x0000000087000000, 0x0000000087100000|  0%| F|  |TAMS 0x0000000087000000, 0x0000000087000000| Untracked 
|  79|0x0000000087100000, 0x0000000087100000, 0x0000000087200000|  0%| F|  |TAMS 0x0000000087100000, 0x0000000087100000| Untracked 
|  80|0x0000000087200000, 0x0000000087200000, 0x0000000087300000|  0%| F|  |TAMS 0x0000000087200000, 0x0000000087200000| Untracked 
|  81|0x0000000087300000, 0x0000000087300000, 0x0000000087400000|  0%| F|  |TAMS 0x0000000087300000, 0x0000000087300000| Untracked 
|  82|0x0000000087400000, 0x0000000087400000, 0x0000000087500000|  0%| F|  |TAMS 0x0000000087400000, 0x0000000087400000| Untracked 
|  83|0x0000000087500000, 0x0000000087500000, 0x0000000087600000|  0%| F|  |TAMS 0x0000000087500000, 0x0000000087500000| Untracked 
|  84|0x0000000087600000, 0x0000000087600000, 0x0000000087700000|  0%| F|  |TAMS 0x0000000087600000, 0x0000000087600000| Untracked 
|  85|0x0000000087700000, 0x0000000087700000, 0x0000000087800000|  0%| F|  |TAMS 0x0000000087700000, 0x0000000087700000| Untracked 
|  86|0x0000000087800000, 0x0000000087800000, 0x0000000087900000|  0%| F|  |TAMS 0x0000000087800000, 0x0000000087800000| Untracked 
|  87|0x0000000087900000, 0x0000000087900000, 0x0000000087a00000|  0%| F|  |TAMS 0x0000000087900000, 0x0000000087900000| Untracked 
|  88|0x0000000087a00000, 0x0000000087a00000, 0x0000000087b00000|  0%| F|  |TAMS 0x0000000087a00000, 0x0000000087a00000| Untracked 
|  89|0x0000000087b00000, 0x0000000087b80800, 0x0000000087c00000| 50%| E|  |TAMS 0x0000000087b00000, 0x0000000087b00000| Complete 
|  90|0x0000000087c00000, 0x0000000087d00000, 0x0000000087d00000|100%| E|CS|TAMS 0x0000000087c00000, 0x0000000087c00000| Complete 
|  91|0x0000000087d00000, 0x0000000087e00000, 0x0000000087e00000|100%| E|CS|TAMS 0x0000000087d00000, 0x0000000087d00000| Complete 
|  92|0x0000000087e00000, 0x0000000087f00000, 0x0000000087f00000|100%| E|CS|TAMS 0x0000000087e00000, 0x0000000087e00000| Complete 
|  93|0x0000000087f00000, 0x0000000088000000, 0x0000000088000000|100%| E|CS|TAMS 0x0000000087f00000, 0x0000000087f00000| Complete 
|  94|0x0000000088000000, 0x0000000088100000, 0x0000000088100000|100%| E|CS|TAMS 0x0000000088000000, 0x0000000088000000| Complete 
|  95|0x0000000088100000, 0x0000000088200000, 0x0000000088200000|100%| E|CS|TAMS 0x0000000088100000, 0x0000000088100000| Complete 
|  96|0x0000000088200000, 0x0000000088300000, 0x0000000088300000|100%| E|CS|TAMS 0x0000000088200000, 0x0000000088200000| Complete 
|  97|0x0000000088300000, 0x0000000088400000, 0x0000000088400000|100%| E|CS|TAMS 0x0000000088300000, 0x0000000088300000| Complete 
|  98|0x0000000088400000, 0x0000000088500000, 0x0000000088500000|100%| E|CS|TAMS 0x0000000088400000, 0x0000000088400000| Complete 
|  99|0x0000000088500000, 0x0000000088600000, 0x0000000088600000|100%| S|CS|TAMS 0x0000000088500000, 0x0000000088500000| Complete 
| 100|0x0000000088600000, 0x0000000088700000, 0x0000000088700000|100%| S|CS|TAMS 0x0000000088600000, 0x0000000088600000| Complete 
| 101|0x0000000088700000, 0x0000000088800000, 0x0000000088800000|100%| S|CS|TAMS 0x0000000088700000, 0x0000000088700000| Complete 
| 102|0x0000000088800000, 0x0000000088900000, 0x0000000088900000|100%| E|CS|TAMS 0x0000000088800000, 0x0000000088800000| Complete 
| 103|0x0000000088900000, 0x0000000088a00000, 0x0000000088a00000|100%| E|CS|TAMS 0x0000000088900000, 0x0000000088900000| Complete 
| 104|0x0000000088a00000, 0x0000000088b00000, 0x0000000088b00000|100%| E|CS|TAMS 0x0000000088a00000, 0x0000000088a00000| Complete 
| 105|0x0000000088b00000, 0x0000000088c00000, 0x0000000088c00000|100%| E|CS|TAMS 0x0000000088b00000, 0x0000000088b00000| Complete 
| 106|0x0000000088c00000, 0x0000000088d00000, 0x0000000088d00000|100%| E|CS|TAMS 0x0000000088c00000, 0x0000000088c00000| Complete 
| 107|0x0000000088d00000, 0x0000000088e00000, 0x0000000088e00000|100%| E|CS|TAMS 0x0000000088d00000, 0x0000000088d00000| Complete 
| 108|0x0000000088e00000, 0x0000000088f00000, 0x0000000088f00000|100%| E|CS|TAMS 0x0000000088e00000, 0x0000000088e00000| Complete 
| 109|0x0000000088f00000, 0x0000000089000000, 0x0000000089000000|100%| E|CS|TAMS 0x0000000088f00000, 0x0000000088f00000| Complete 
| 110|0x0000000089000000, 0x0000000089100000, 0x0000000089100000|100%| E|CS|TAMS 0x0000000089000000, 0x0000000089000000| Complete 
| 111|0x0000000089100000, 0x0000000089200000, 0x0000000089200000|100%| E|CS|TAMS 0x0000000089100000, 0x0000000089100000| Complete 
| 112|0x0000000089200000, 0x0000000089300000, 0x0000000089300000|100%| E|CS|TAMS 0x0000000089200000, 0x0000000089200000| Complete 
| 113|0x0000000089300000, 0x0000000089400000, 0x0000000089400000|100%| E|CS|TAMS 0x0000000089300000, 0x0000000089300000| Complete 
| 114|0x0000000089400000, 0x0000000089500000, 0x0000000089500000|100%| E|CS|TAMS 0x0000000089400000, 0x0000000089400000| Complete 
| 115|0x0000000089500000, 0x0000000089600000, 0x0000000089600000|100%| E|CS|TAMS 0x0000000089500000, 0x0000000089500000| Complete 
| 116|0x0000000089600000, 0x0000000089700000, 0x0000000089700000|100%| E|CS|TAMS 0x0000000089600000, 0x0000000089600000| Complete 
| 117|0x0000000089700000, 0x0000000089800000, 0x0000000089800000|100%| E|CS|TAMS 0x0000000089700000, 0x0000000089700000| Complete 
| 118|0x0000000089800000, 0x0000000089900000, 0x0000000089900000|100%| E|CS|TAMS 0x0000000089800000, 0x0000000089800000| Complete 
| 119|0x0000000089900000, 0x0000000089a00000, 0x0000000089a00000|100%| E|CS|TAMS 0x0000000089900000, 0x0000000089900000| Complete 
| 120|0x0000000089a00000, 0x0000000089b00000, 0x0000000089b00000|100%| E|CS|TAMS 0x0000000089a00000, 0x0000000089a00000| Complete 
| 121|0x0000000089b00000, 0x0000000089c00000, 0x0000000089c00000|100%| E|CS|TAMS 0x0000000089b00000, 0x0000000089b00000| Complete 
| 122|0x0000000089c00000, 0x0000000089d00000, 0x0000000089d00000|100%| E|CS|TAMS 0x0000000089c00000, 0x0000000089c00000| Complete 
| 123|0x0000000089d00000, 0x0000000089e00000, 0x0000000089e00000|100%| E|CS|TAMS 0x0000000089d00000, 0x0000000089d00000| Complete 
| 124|0x0000000089e00000, 0x0000000089f00000, 0x0000000089f00000|100%| E|CS|TAMS 0x0000000089e00000, 0x0000000089e00000| Complete 
| 125|0x0000000089f00000, 0x000000008a000000, 0x000000008a000000|100%| E|  |TAMS 0x0000000089f00000, 0x0000000089f00000| Complete 

Card table byte_map: [0x000002254d400000,0x000002254d7f0000] _byte_map_base: 0x000002254cfef000

Marking Bits (Prev, Next): (CMBitMap*) 0x00000225359dcd88, (CMBitMap*) 0x00000225359dcdc0
 Prev Bits: [0x000002254dbe0000, 0x000002254fb58000)
 Next Bits: [0x000002254fb60000, 0x0000022551ad8000)

Polling page: 0x0000022533730000

Metaspace:

Usage:
  Non-class:     14.06 MB capacity,    13.96 MB (>99%) used,    76.29 KB ( <1%) free+waste,    19.31 KB ( <1%) overhead. 
      Class:      1.44 MB capacity,     1.37 MB ( 95%) used,    61.63 KB (  4%) free+waste,     7.38 KB ( <1%) overhead. 
       Both:     15.50 MB capacity,    15.34 MB ( 99%) used,   137.91 KB ( <1%) free+waste,    26.69 KB ( <1%) overhead. 

Virtual space:
  Non-class space:       16.00 MB reserved,      14.25 MB ( 89%) committed 
      Class space:        1.00 GB reserved,       1.50 MB ( <1%) committed 
             Both:        1.02 GB reserved,      15.75 MB (  2%) committed 

Chunk freelists:
   Non-Class:  768 bytes
       Class:  3.75 KB
        Both:  4.50 KB

CodeHeap 'non-profiled nmethods': size=120000Kb used=1033Kb max_used=1033Kb free=118966Kb
 bounds [0x00000225457b0000, 0x0000022545a20000, 0x000002254cce0000]
CodeHeap 'profiled nmethods': size=120000Kb used=3106Kb max_used=3106Kb free=116893Kb
 bounds [0x000002253e280000, 0x000002253e590000, 0x00000225457b0000]
CodeHeap 'non-nmethods': size=5760Kb used=1334Kb max_used=1421Kb free=4425Kb
 bounds [0x000002253dce0000, 0x000002253df50000, 0x000002253e280000]
 total_blobs=2458 nmethods=1410 adapters=557
 compilation: enabled
              stopped_count=0, restarted_count=0
 full_count=0

Compilation events (10 events):
Event: 19.759 Thread 0x0000022554ec0800 1439       3       org.eclipse.jdt.launching.internal.weaving.ClassfileTransformer$1::visitSource (125 bytes)
Event: 19.763 Thread 0x0000022554ec0800 nmethod 1439 0x000002253e572890 code [0x000002253e572c20, 0x000002253e573dc0]
Event: 19.763 Thread 0x0000022554ec0800 1440       3       org.eclipse.jdt.launching.internal.org.objectweb.asm.ClassVisitor::visitSource (17 bytes)
Event: 19.763 Thread 0x0000022554ec0800 nmethod 1440 0x000002253e574490 code [0x000002253e574660, 0x000002253e5748d0]
Event: 19.778 Thread 0x0000022554ec0800 1444       3       java.lang.ProcessEnvironment$NameComparator::compare (90 bytes)
Event: 19.785 Thread 0x0000022554ec0800 nmethod 1444 0x000002253e574990 code [0x000002253e574cc0, 0x000002253e575f80]
Event: 19.785 Thread 0x0000022554ec0800 1445       3       org.eclipse.jdt.launching.internal.org.objectweb.asm.ClassReader::readVerificationTypeInfo (184 bytes)
Event: 19.791 Thread 0x0000022554ec0800 nmethod 1445 0x000002253e576990 code [0x000002253e576ce0, 0x000002253e578850]
Event: 19.791 Thread 0x0000022554ec0800 1443       3       java.lang.ProcessEnvironment$NameComparator::compare (13 bytes)
Event: 19.792 Thread 0x0000022554ec0800 nmethod 1443 0x000002253e579210 code [0x000002253e5793e0, 0x000002253e579770]

GC Heap History (2 events):
Event: 3.949 GC heap before
{Heap before GC invocations=0 (full 0):
 garbage-first heap   total 129024K, used 23552K [0x0000000082200000, 0x0000000100000000)
  region size 1024K, 24 young (24576K), 0 survivors (0K)
 Metaspace       used 12031K, capacity 12134K, committed 12416K, reserved 1060864K
  class space    used 1084K, capacity 1125K, committed 1152K, reserved 1048576K
}
Event: 3.966 GC heap after
{Heap after GC invocations=1 (full 0):
 garbage-first heap   total 129024K, used 3572K [0x0000000082200000, 0x0000000100000000)
  region size 1024K, 3 young (3072K), 3 survivors (3072K)
 Metaspace       used 12031K, capacity 12134K, committed 12416K, reserved 1060864K
  class space    used 1084K, capacity 1125K, committed 1152K, reserved 1048576K
}

Deoptimization events (9 events):
Event: 1.414 Thread 0x000002253599c000 Uncommon trap: reason=unstable_if action=reinterpret pc=0x00000225457be874 method=java.util.HashMap.putVal(ILjava/lang/Object;Ljava/lang/Object;ZZ)Ljava/lang/Object; @ 181 c2
Event: 1.969 Thread 0x000002253599c000 Uncommon trap: reason=unstable_if action=reinterpret pc=0x00000225457b21f8 method=java.lang.String.isLatin1()Z @ 10 c2
Event: 2.805 Thread 0x000002253599c000 Uncommon trap: reason=unstable_if action=reinterpret pc=0x00000225457e4084 method=java.io.WinNTFileSystem.isSlash(C)Z @ 9 c2
Event: 2.933 Thread 0x000002253599c000 Uncommon trap: reason=unstable_if action=reinterpret pc=0x00000225457e28bc method=org.eclipse.jdt.launching.internal.org.objectweb.asm.SymbolTable.addConstantUtf8(Ljava/lang/String;)I @ 40 c2
Event: 3.050 Thread 0x000002253599c000 Uncommon trap: reason=unstable_if action=reinterpret pc=0x00000225457dff14 method=java.lang.String.startsWith(Ljava/lang/String;I)Z @ 14 c2
Event: 3.052 Thread 0x000002253599c000 Uncommon trap: reason=unstable_if action=reinterpret pc=0x00000225457f203c method=org.eclipse.jdt.launching.internal.org.objectweb.asm.AnnotationWriter.visitEnd()V @ 5 c2
Event: 4.678 Thread 0x000002253599c000 Uncommon trap: reason=unstable_if action=reinterpret pc=0x00000225457fee44 method=java.util.zip.ZipFile$Source.getEntryPos([BZ)I @ 156 c2
Event: 19.733 Thread 0x000002253599c000 Uncommon trap: reason=unstable_if action=reinterpret pc=0x000002254583e608 method=org.eclipse.jdt.launching.internal.org.objectweb.asm.ClassReader.readVerificationTypeInfo(I[Ljava/lang/Object;I[C[Lorg/eclipse/jdt/launching/internal/org/objectweb/asm/Label
Event: 19.805 Thread 0x000002253599c000 Uncommon trap: reason=unstable_if action=reinterpret pc=0x0000022545879784 method=org.eclipse.jdt.launching.internal.org.objectweb.asm.ClassReader.readMethod(Lorg/eclipse/jdt/launching/internal/org/objectweb/asm/ClassVisitor;Lorg/eclipse/jdt/launching/int

Classes redefined (0 events):
No events

Internal exceptions (10 events):
Event: 3.020 Thread 0x000002253599c000 Exception <a 'java/lang/IncompatibleClassChangeError'{0x0000000088e2cc38}: Found class java.lang.Object, but interface was expected> (0x0000000088e2cc38) thrown at [t:/workspace/open/src/hotspot/share/interpreter/linkResolver.cpp, line 838]
Event: 3.021 Thread 0x000002253599c000 Exception <a 'java/lang/NoSuchMethodError'{0x0000000088e2fc40}: java.lang.invoke.DirectMethodHandle$Holder.invokeStaticInit(Ljava/lang/Object;Ljava/lang/Object;)V> (0x0000000088e2fc40) thrown at [t:/workspace/open/src/hotspot/share/interpreter/linkResolve
Event: 3.024 Thread 0x000002253599c000 Exception <a 'java/lang/NoSuchMethodError'{0x0000000088e36cc0}: java.lang.invoke.DirectMethodHandle$Holder.invokeStaticInit(Ljava/lang/Object;Ljava/lang/Object;)I> (0x0000000088e36cc0) thrown at [t:/workspace/open/src/hotspot/share/interpreter/linkResolve
Event: 3.432 Thread 0x000002253599c000 Exception <a 'sun/nio/fs/WindowsException'{0x0000000088c46eb0}> (0x0000000088c46eb0) thrown at [t:/workspace/open/src/hotspot/share/prims/jni.cpp, line 615]
Event: 4.384 Thread 0x000002253599c000 Exception <a 'sun/nio/fs/WindowsException'{0x0000000089af8608}> (0x0000000089af8608) thrown at [t:/workspace/open/src/hotspot/share/prims/jni.cpp, line 615]
Event: 4.386 Thread 0x000002253599c000 Exception <a 'sun/nio/fs/WindowsException'{0x0000000089af9698}> (0x0000000089af9698) thrown at [t:/workspace/open/src/hotspot/share/prims/jni.cpp, line 615]
Event: 4.388 Thread 0x000002253599c000 Exception <a 'sun/nio/fs/WindowsException'{0x0000000089afa700}> (0x0000000089afa700) thrown at [t:/workspace/open/src/hotspot/share/prims/jni.cpp, line 615]
Event: 4.590 Thread 0x000002253599c000 Exception <a 'sun/nio/fs/WindowsException'{0x00000000898d7b20}> (0x00000000898d7b20) thrown at [t:/workspace/open/src/hotspot/share/prims/jni.cpp, line 615]
Event: 4.594 Thread 0x000002253599c000 Exception <a 'sun/nio/fs/WindowsException'{0x00000000898d8bb0}> (0x00000000898d8bb0) thrown at [t:/workspace/open/src/hotspot/share/prims/jni.cpp, line 615]
Event: 4.597 Thread 0x000002253599c000 Exception <a 'sun/nio/fs/WindowsException'{0x00000000898d9c18}> (0x00000000898d9c18) thrown at [t:/workspace/open/src/hotspot/share/prims/jni.cpp, line 615]

Events (10 events):
Event: 19.772 loading class org/nd4j/jita/allocator/enums/Aggressiveness done
Event: 19.780 loading class org/nd4j/jita/handler/impl/CudaZeroHandler
Event: 19.780 loading class org/nd4j/jita/handler/impl/CudaZeroHandler done
Event: 19.798 loading class org/nd4j/shade/guava/collect/Table
Event: 19.798 loading class org/nd4j/shade/guava/collect/Table done
Event: 19.804 Thread 0x000002253599c000 Uncommon trap: trap_request=0xffffff4d fr.pc=0x0000022545879784 relative=0x000000000000c304
Event: 19.805 Thread 0x000002253599c000 DEOPT PACKING pc=0x0000022545879784 sp=0x000000a13a8f8d70
Event: 19.806 Thread 0x000002253599c000 DEOPT UNPACKING pc=0x000002253dd1d62f sp=0x000000a13a8f8da8 mode 2
Event: 19.807 loading class org/eclipse/jdt/launching/internal/org/objectweb/asm/TypeReference
Event: 19.807 loading class org/eclipse/jdt/launching/internal/org/objectweb/asm/TypeReference done


Dynamic libraries:
0x00007ff6cd050000 - 0x00007ff6cd097000 	C:\Program Files\Java\jdk-11.0.4\bin\javaw.exe
0x00007ff970f20000 - 0x00007ff971110000 	C:\WINDOWS\SYSTEM32\ntdll.dll
0x00007ff96fd60000 - 0x00007ff96fe12000 	C:\WINDOWS\System32\KERNEL32.DLL
0x00007ff96dfa0000 - 0x00007ff96e243000 	C:\WINDOWS\System32\KERNELBASE.dll
0x00007ff970950000 - 0x00007ff9709f3000 	C:\WINDOWS\System32\ADVAPI32.dll
0x00007ff970690000 - 0x00007ff97072e000 	C:\WINDOWS\System32\msvcrt.dll
0x00007ff970570000 - 0x00007ff970607000 	C:\WINDOWS\System32\sechost.dll
0x00007ff96f6d0000 - 0x00007ff96f7f0000 	C:\WINDOWS\System32\RPCRT4.dll
0x00007ff96f930000 - 0x00007ff96fac4000 	C:\WINDOWS\System32\USER32.dll
0x00007ff96ded0000 - 0x00007ff96def1000 	C:\WINDOWS\System32\win32u.dll
0x00007ff970920000 - 0x00007ff970946000 	C:\WINDOWS\System32\GDI32.dll
0x00007ff96e420000 - 0x00007ff96e5b4000 	C:\WINDOWS\System32\gdi32full.dll
0x00007ff96df00000 - 0x00007ff96df9e000 	C:\WINDOWS\System32\msvcp_win.dll
0x00007ff96edd0000 - 0x00007ff96eeca000 	C:\WINDOWS\System32\ucrtbase.dll
0x00007ff963360000 - 0x00007ff9635e5000 	C:\WINDOWS\WinSxS\amd64_microsoft.windows.common-controls_6595b64144ccf1df_6.0.18362.476_none_e6c4b11b130f2595\COMCTL32.dll
0x00007ff9684a0000 - 0x00007ff9684aa000 	C:\WINDOWS\SYSTEM32\VERSION.dll
0x00007ff970ba0000 - 0x00007ff970ed6000 	C:\WINDOWS\System32\combase.dll
0x00007ff96e250000 - 0x00007ff96e2d0000 	C:\WINDOWS\System32\bcryptPrimitives.dll
0x00007ff970740000 - 0x00007ff97076e000 	C:\WINDOWS\System32\IMM32.DLL
0x00007ff966d30000 - 0x00007ff966d46000 	C:\Program Files\Java\jdk-11.0.4\bin\vcruntime140.dll
0x00007ff9655f0000 - 0x00007ff96569a000 	C:\Program Files\Java\jdk-11.0.4\bin\msvcp140.dll
0x00007ff922020000 - 0x00007ff922b47000 	C:\Program Files\Java\jdk-11.0.4\bin\server\jvm.dll
0x00007ff96fb90000 - 0x00007ff96fb98000 	C:\WINDOWS\System32\PSAPI.DLL
0x00007ff95e720000 - 0x00007ff95e729000 	C:\WINDOWS\SYSTEM32\WSOCK32.dll
0x00007ff964d00000 - 0x00007ff964d24000 	C:\WINDOWS\SYSTEM32\WINMM.dll
0x00007ff96f660000 - 0x00007ff96f6cf000 	C:\WINDOWS\System32\WS2_32.dll
0x00007ff963770000 - 0x00007ff96379d000 	C:\WINDOWS\SYSTEM32\WINMMBASE.dll
0x00007ff96ef80000 - 0x00007ff96efca000 	C:\WINDOWS\System32\cfgmgr32.dll
0x00007ff96de70000 - 0x00007ff96de81000 	C:\WINDOWS\System32\kernel.appcore.dll
0x00007ff95ef20000 - 0x00007ff95ef31000 	C:\Program Files\Java\jdk-11.0.4\bin\verify.dll
0x00007ff96c710000 - 0x00007ff96c904000 	C:\WINDOWS\SYSTEM32\DBGHELP.DLL
0x00007ff966ab0000 - 0x00007ff966ada000 	C:\WINDOWS\SYSTEM32\dbgcore.DLL
0x00007ff937a40000 - 0x00007ff937a69000 	C:\Program Files\Java\jdk-11.0.4\bin\java.dll
0x00007ff9651f0000 - 0x00007ff965227000 	C:\Program Files\Java\jdk-11.0.4\bin\jdwp.dll
0x00007ff9653d0000 - 0x00007ff9653ff000 	C:\Program Files\Java\jdk-11.0.4\bin\instrument.dll
0x00007ff936620000 - 0x00007ff936636000 	C:\Program Files\Java\jdk-11.0.4\bin\zip.dll
0x00007ff962bf0000 - 0x00007ff962bfa000 	C:\Program Files\Java\jdk-11.0.4\bin\jimage.dll
0x00007ff96fe20000 - 0x00007ff970505000 	C:\WINDOWS\System32\SHELL32.dll
0x00007ff96f530000 - 0x00007ff96f5d9000 	C:\WINDOWS\System32\shcore.dll
0x00007ff96e5f0000 - 0x00007ff96ed6e000 	C:\WINDOWS\System32\windows.storage.dll
0x00007ff96de50000 - 0x00007ff96de6f000 	C:\WINDOWS\System32\profapi.dll
0x00007ff96de00000 - 0x00007ff96de4a000 	C:\WINDOWS\System32\powrprof.dll
0x00007ff96ddf0000 - 0x00007ff96de00000 	C:\WINDOWS\System32\UMPDC.dll
0x00007ff96fd00000 - 0x00007ff96fd52000 	C:\WINDOWS\System32\shlwapi.dll
0x00007ff96deb0000 - 0x00007ff96dec7000 	C:\WINDOWS\System32\cryptsp.dll
0x00007ff967660000 - 0x00007ff96766a000 	C:\Program Files\Java\jdk-11.0.4\bin\dt_socket.dll
0x00007ff96d660000 - 0x00007ff96d6c7000 	C:\WINDOWS\System32\mswsock.dll
0x00007ff96d3b0000 - 0x00007ff96d47a000 	C:\WINDOWS\SYSTEM32\DNSAPI.dll
0x00007ff970730000 - 0x00007ff970738000 	C:\WINDOWS\System32\NSI.dll
0x00007ff96d370000 - 0x00007ff96d3aa000 	C:\WINDOWS\SYSTEM32\IPHLPAPI.DLL
0x00007ff9659c0000 - 0x00007ff965a37000 	C:\WINDOWS\System32\fwpuclnt.dll
0x00007ff96e5c0000 - 0x00007ff96e5e6000 	C:\WINDOWS\System32\bcrypt.dll
0x00007ff9619a0000 - 0x00007ff9619aa000 	C:\Windows\System32\rasadhlp.dll
0x00007ff935860000 - 0x00007ff935879000 	C:\Program Files\Java\jdk-11.0.4\bin\net.dll
0x00007ff965b80000 - 0x00007ff965c70000 	C:\WINDOWS\SYSTEM32\WINHTTP.dll
0x00007ff95fb50000 - 0x00007ff95fd26000 	C:\WINDOWS\SYSTEM32\urlmon.dll
0x00007ff95f240000 - 0x00007ff95f4e6000 	C:\WINDOWS\SYSTEM32\iertutil.dll
0x00007ff96d830000 - 0x00007ff96d83c000 	C:\WINDOWS\SYSTEM32\CRYPTBASE.DLL
0x00007ff932450000 - 0x00007ff932463000 	C:\Program Files\Java\jdk-11.0.4\bin\nio.dll
0x00007ff965580000 - 0x00007ff9655ec000 	C:\Program Files\NVIDIA GPU Computing Toolkit\CUDA\v10.1\bin\cudart64_101.dll
0x00007ff9654a0000 - 0x00007ff96557e000 	C:\Users\Admin\.javacpp\cache\cuda-10.1-7.6-1.5.1-windows-x86_64.jar\org\bytedeco\cuda\windows-x86_64\jnicudart.dll
0x00007ff8d8ef0000 - 0x00007ff8d9fb1000 	C:\WINDOWS\SYSTEM32\nvcuda.dll
0x00007ff96ca60000 - 0x00007ff96ca80000 	C:\WINDOWS\SYSTEM32\dxcore.dll
0x00007ff96f0a0000 - 0x00007ff96f510000 	C:\WINDOWS\System32\Setupapi.dll
0x00007ff96dbf0000 - 0x00007ff96dc1a000 	C:\WINDOWS\SYSTEM32\DEVOBJ.dll
0x00007ff96ed70000 - 0x00007ff96edcc000 	C:\WINDOWS\System32\WINTRUST.dll
0x00007ff96de90000 - 0x00007ff96dea2000 	C:\WINDOWS\System32\MSASN1.dll
0x00007ff96e2d0000 - 0x00007ff96e419000 	C:\WINDOWS\System32\CRYPT32.dll
0x00007ff96bdc0000 - 0x00007ff96be59000 	C:\WINDOWS\system32\uxtheme.dll
0x00007ff963d40000 - 0x00007ff96422c000 	C:\WINDOWS\SYSTEM32\nvapi64.dll
0x00007ff96fba0000 - 0x00007ff96fcf6000 	C:\WINDOWS\System32\OLE32.dll
0x00007ff96caf0000 - 0x00007ff96cbdb000 	C:\WINDOWS\SYSTEM32\dxgi.dll
0x00007ff8d7340000 - 0x00007ff8d8ee2000 	C:\Program Files\NVIDIA GPU Computing Toolkit\CUDA\v10.1\bin\cublasLt64_10.dll
0x00007ff8d3b10000 - 0x00007ff8d733e000 	C:\Program Files\NVIDIA GPU Computing Toolkit\CUDA\v10.1\bin\cublas64_10.dll
0x00007ff959600000 - 0x00007ff9596df000 	C:\Users\Admin\.javacpp\cache\cuda-10.1-7.6-1.5.1-windows-x86_64.jar\org\bytedeco\cuda\windows-x86_64\jnicublas.dll
0x00007ff8be4b0000 - 0x00007ff8d3b09000 	C:\Users\Admin\.javacpp\cache\nd4j-cuda-10.1-1.0.0-beta5-windows-x86_64.jar\org\nd4j\nativeblas\windows-x86_64\nd4jcuda.dll
0x00007ff8b4040000 - 0x00007ff8be4a1000 	C:\Program Files\NVIDIA GPU Computing Toolkit\CUDA\v10.1\bin\cusolver64_10.dll
0x00007ff917810000 - 0x00007ff917a29000 	C:\Users\Admin\.javacpp\cache\nd4j-cuda-10.1-1.0.0-beta5-windows-x86_64.jar\org\nd4j\nativeblas\windows-x86_64\jnind4jcuda.dll

dbghelp: loaded successfully - version: 4.0.5 - missing functions: none
symbol engine: initialized successfully - sym options: 0x614 - pdb path: .;C:\Program Files\Java\jdk-11.0.4\bin;C:\WINDOWS\SYSTEM32;C:\WINDOWS\WinSxS\amd64_microsoft.windows.common-controls_6595b64144ccf1df_6.0.18362.476_none_e6c4b11b130f2595;C:\Program Files\Java\jdk-11.0.4\bin\server;C:\Program Files\NVIDIA GPU Computing Toolkit\CUDA\v10.1\bin;C:\Users\Admin\.javacpp\cache\cuda-10.1-7.6-1.5.1-windows-x86_64.jar\org\bytedeco\cuda\windows-x86_64;C:\Users\Admin\.javacpp\cache\nd4j-cuda-10.1-1.0.0-beta5-windows-x86_64.jar\org\nd4j\nativeblas\windows-x86_64

VM Arguments:
jvm_args: -agentlib:jdwp=transport=dt_socket,suspend=y,address=localhost:57031 -javaagent:D:\Eclipse\Eclipse\eclipse\configuration\org.eclipse.osgi\616\0\.cp\lib\javaagent-shaded.jar -Dfile.encoding=UTF-8 
java_command: kitty.research.maxlifetime.Test
java_class_path (initial): D:\Eclipse\Workspace\maxlifetime\target\test-classes;D:\Eclipse\Workspace\maxlifetime\target\classes;C:\Users\Admin\.m2\repository\junit\junit\3.8.1\junit-3.8.1.jar;C:\Users\Admin\.m2\repository\org\nd4j\nd4j-cuda-10.1\1.0.0-beta5\nd4j-cuda-10.1-1.0.0-beta5.jar;C:\Users\Admin\.m2\repository\org\nd4j\nd4j-cuda-10.1\1.0.0-beta5\nd4j-cuda-10.1-1.0.0-beta5-windows-x86_64.jar;C:\Users\Admin\.m2\repository\org\bytedeco\javacpp\1.5.1-1\javacpp-1.5.1-1.jar;C:\Users\Admin\.m2\repository\org\bytedeco\cuda\10.1-7.6-1.5.1\cuda-10.1-7.6-1.5.1.jar;C:\Users\Admin\.m2\repository\org\bytedeco\cuda\10.1-7.6-1.5.1\cuda-10.1-7.6-1.5.1-windows-x86_64.jar;C:\Users\Admin\.m2\repository\org\nd4j\nd4j-api\1.0.0-beta5\nd4j-api-1.0.0-beta5.jar;C:\Users\Admin\.m2\repository\com\jakewharton\byteunits\byteunits\0.9.1\byteunits-0.9.1.jar;C:\Users\Admin\.m2\repository\org\apache\commons\commons-math3\3.5\commons-math3-3.5.jar;C:\Users\Admin\.m2\repository\com\google\flatbuffers\flatbuffers-java\1.10.0\flatbuffers-java-1.10.0.jar;C:\Users\Admin\.m2\repository\org\nd4j\protobuf\1.0.0-beta5\protobuf-1.0.0-beta5.jar;C:\Users\Admin\.m2\repository\org\objenesis\objenesis\2.6\objenesis-2.6.jar;C:\Users\Admin\.m2\repository\com\github\oshi\oshi-core\3.4.2\oshi-core-3.4.2.jar;C:\Users\Admin\.m2\repository\net\java\dev\jna\jna-platform\4.3.0\jna-platform-4.3.0.jar;C:\Users\Admin\.m2\repository\net\java\dev\jna\jna\4.3.0\jna-4.3.0.jar;C:\Users\Admin\.m2\repository\org\threeten\threetenbp\1.3.3\threetenbp-1.3.3.jar;C:\Users\Admin\.m2\repository\org\slf4j\slf4j-api\1.7.21\slf4j-api-1.7.21.jar;C:\Users\Admin\.m2\repository\org\nd4j\jackson\1.0.0-beta5\jackson-1.0.0-beta5.jar;C:\Users\Admin\.m2\repository\commons-net\commons-net\3.1\commons-net-3.1.jar;C:\Users\Admin\.m2\repository\org\nd4j\nd4j-buffer\1.0.0-beta5\nd4j-buffer-1.0.0-beta5.jar;C:\Users\Admin\.m2\repository\org\nd4j\nd4j-context\1.0.0-beta5\nd4j-context-1.0.0-beta5.jar;C:\Users\Admin\.m2\repository\org\nd4j\nd4j-common\
Launcher Type: SUN_STANDARD

[Global flags]
     intx CICompilerCount                          = 4                                         {product} {ergonomic}
     uint ConcGCThreads                            = 2                                         {product} {ergonomic}
     uint G1ConcRefinementThreads                  = 8                                         {product} {ergonomic}
   size_t G1HeapRegionSize                         = 1048576                                   {product} {ergonomic}
    uintx GCDrainStackTargetSize                   = 64                                        {product} {ergonomic}
   size_t InitialHeapSize                          = 132120576                                 {product} {ergonomic}
   size_t MarkStackSize                            = 4194304                                   {product} {ergonomic}
   size_t MaxHeapSize                              = 2111832064                                {product} {ergonomic}
   size_t MaxNewSize                               = 1266679808                                {product} {ergonomic}
   size_t MinHeapDeltaBytes                        = 1048576                                   {product} {ergonomic}
    uintx NonNMethodCodeHeapSize                   = 5835340                                {pd product} {ergonomic}
    uintx NonProfiledCodeHeapSize                  = 122911450                              {pd product} {ergonomic}
    uintx ProfiledCodeHeapSize                     = 122911450                              {pd product} {ergonomic}
    uintx ReservedCodeCacheSize                    = 251658240                              {pd product} {ergonomic}
     bool SegmentedCodeCache                       = true                                      {product} {ergonomic}
     bool UseCompressedClassPointers               = true                                 {lp64_product} {ergonomic}
     bool UseCompressedOops                        = true                                 {lp64_product} {ergonomic}
     bool UseG1GC                                  = true                                      {product} {ergonomic}
     bool UseLargePagesIndividualAllocation        = false                                  {pd product} {ergonomic}

Logging:
Log output configuration:
 #0: stdout all=warning uptime,level,tags
 #1: stderr all=off uptime,level,tags

Environment Variables:
JAVA_HOME=C:\Program Files\Java\jdk-11.0.4
PATH=C:/Program Files/Java/jdk-11.0.4/bin/server;C:/Program Files/Java/jdk-11.0.4/bin;C:\Program Files\Microsoft MPI\Bin\;C:\Program Files\NVIDIA GPU Computing Toolkit\CUDA\v10.1\bin;C:\Program Files\NVIDIA GPU Computing Toolkit\CUDA\v10.1\libnvvp;C:\Windows\system32;C:\Windows;C:\Windows\System32\Wbem;C:\Windows\System32\WindowsPowerShell\v1.0\;C:\WINDOWS\system32;C:\WINDOWS;C:\WINDOWS\System32\Wbem;C:\WINDOWS\System32\WindowsPowerShell\v1.0\;C:\WINDOWS\System32\OpenSSH\;C:\Program Files (x86)\NVIDIA Corporation\PhysX\Common;C:\Program Files\NVIDIA Corporation\NVIDIA NvDLISR;C:\Program Files\Java\jdk-11.0.4\bin;C:\MinGW\bin;D:\ApacheAnt\bin;C:\Program Files (x86)\Gpg4win\..\GnuPG\bin;D:\MySQL\MySQL Server 8.0\bin;C:\Program Files\Intel\WiFi\bin\;C:\Program Files\Common Files\Intel\WirelessCommon\;D:\MikTeX\miktex\bin\x64\;C:\Program Files (x86)\Microsoft SQL Server\150\DTS\Binn\;D:\Micronaut\bin;D:\ApacheMaven\bin;C:\Program Files\Git\cmd;C:\Program Files (x86)\Microsoft SQL Server\140\Tools\Binn\;C:\Program Files\Microsoft SQL Server\140\Tools\Binn\;C:\Program Files (x86)\Microsoft SQL Server\140\DTS\Binn\;C:\Program Files\Microsoft SQL Server\140\DTS\Binn\;C:\Program Files\Microsoft SQL Server\Client SDK\ODBC\130\Tools\Binn\;D:\MySQL\MySQL Shell 8.0\bin\;D:\Microsoft VS Code\bin;C:\Users\Admin\AppData\Local\GitHubDesktop\bin;C:\Users\Admin\Desktop;
USERNAME=MeryKitty
OS=Windows_NT
PROCESSOR_IDENTIFIER=Intel64 Family 6 Model 158 Stepping 9, GenuineIntel



---------------  S Y S T E M  ---------------

OS: Windows 10 , 64 bit Build 18362 (10.0.18362.329)

CPU:total 8 (initial active 8) (4 cores per cpu, 2 threads per core) family 6 model 158 stepping 9, cmov, cx8, fxsr, mmx, sse, sse2, sse3, ssse3, sse4.1, sse4.2, popcnt, avx, avx2, aes, clmul, erms, 3dnowpref, lzcnt, ht, tsc, tscinvbit, bmi1, bmi2, adx, fma

Memory: 4k page, system-wide physical 8053M (404M free)
TotalPageFile size 21533M (AvailPageFile size 3M)
current process WorkingSet (physical memory assigned to process): 543M, peak: 619M
current process commit charge ("private bytes"): 1792M, peak: 1809M

vm_info: Java HotSpot(TM) 64-Bit Server VM (11.0.4+10-LTS) for windows-amd64 JRE (11.0.4+10-LTS), built on Jul  4 2019 16:28:13 by "mach5one" with MS VC++ 15.5 (VS2017)

END.
